<?xml version="1.0" encoding="UTF-8"?>
<!-- Generated by org.testng.reporters.JUnitXMLReporter -->
<testsuite ignored="0" hostname="DESKTOP-KFHMFDJ" failures="1" tests="4" name="Test" time="0.068" errors="0" timestamp="11 Jan 2025 15:17:53 GMT">
  <testcase classname="testCases.Test1" name="test_login" time="0.015"/>
  <testcase classname="testCases.Test2" name="test_search" time="0.002"/>
  <testcase classname="testCases.Test1" name="test_logout" time="0.007">
    <failure type="java.lang.AssertionError" message="expected [true] but found [false]">
      <![CDATA[java.lang.AssertionError: expected [true] but found [false]
at testCases.Test1.test_logout(Test1.java:18)
... Removed 29 stack frames]]>
    </failure>
  </testcase> <!-- test_logout -->
  <testcase classname="testCases.Test2" name="test_advSearch" time="0.002"/>
</testsuite> <!-- Test -->
